Determining if the pthread_create exist failed with the following output:
Change Dir: /home/wolle/Workspace/c/MasterSlaveTimesync/cmake-build-debug/CMakeFiles/CMakeTmp

Run Build Command:"/usr/bin/make" "cmTC_2a2e5/fast"
/usr/bin/make -f CMakeFiles/cmTC_2a2e5.dir/build.make CMakeFiles/cmTC_2a2e5.dir/build
make[1]: Entering directory '/home/wolle/Workspace/c/MasterSlaveTimesync/cmake-build-debug/CMakeFiles/CMakeTmp'
Building C object CMakeFiles/cmTC_2a2e5.dir/CheckSymbolExists.c.o
/usr/bin/cc     -o CMakeFiles/cmTC_2a2e5.dir/CheckSymbolExists.c.o   -c /home/wolle/Workspace/c/MasterSlaveTimesync/cmake-build-debug/CMakeFiles/CMakeTmp/CheckSymbolExists.c
Linking C executable cmTC_2a2e5
/opt/clion-2017.1/bin/cmake/bin/cmake -E cmake_link_script CMakeFiles/cmTC_2a2e5.dir/link.txt --verbose=1
/usr/bin/cc       CMakeFiles/cmTC_2a2e5.dir/CheckSymbolExists.c.o  -o cmTC_2a2e5 
CMakeFiles/cmTC_2a2e5.dir/CheckSymbolExists.c.o: In function `main':
CheckSymbolExists.c:(.text+0x16): undefined reference to `pthread_create'
collect2: error: ld returned 1 exit status
CMakeFiles/cmTC_2a2e5.dir/build.make:97: recipe for target 'cmTC_2a2e5' failed
make[1]: *** [cmTC_2a2e5] Error 1
make[1]: Leaving directory '/home/wolle/Workspace/c/MasterSlaveTimesync/cmake-build-debug/CMakeFiles/CMakeTmp'
Makefile:126: recipe for target 'cmTC_2a2e5/fast' failed
make: *** [cmTC_2a2e5/fast] Error 2

File /home/wolle/Workspace/c/MasterSlaveTimesync/cmake-build-debug/CMakeFiles/CMakeTmp/CheckSymbolExists.c:
/* */
#include <pthread.h>

int main(int argc, char** argv)
{
  (void)argv;
#ifndef pthread_create
  return ((int*)(&pthread_create))[argc];
#else
  (void)argc;
  return 0;
#endif
}

Determining if the function pthread_create exists in the pthreads failed with the following output:
Change Dir: /home/wolle/Workspace/c/MasterSlaveTimesync/cmake-build-debug/CMakeFiles/CMakeTmp

Run Build Command:"/usr/bin/make" "cmTC_eb24f/fast"
/usr/bin/make -f CMakeFiles/cmTC_eb24f.dir/build.make CMakeFiles/cmTC_eb24f.dir/build
make[1]: Entering directory '/home/wolle/Workspace/c/MasterSlaveTimesync/cmake-build-debug/CMakeFiles/CMakeTmp'
Building C object CMakeFiles/cmTC_eb24f.dir/CheckFunctionExists.c.o
/usr/bin/cc    -DCHECK_FUNCTION_EXISTS=pthread_create   -o CMakeFiles/cmTC_eb24f.dir/CheckFunctionExists.c.o   -c /opt/clion-2017.1/bin/cmake/share/cmake-3.7/Modules/CheckFunctionExists.c
Linking C executable cmTC_eb24f
/opt/clion-2017.1/bin/cmake/bin/cmake -E cmake_link_script CMakeFiles/cmTC_eb24f.dir/link.txt --verbose=1
/usr/bin/cc   -DCHECK_FUNCTION_EXISTS=pthread_create    CMakeFiles/cmTC_eb24f.dir/CheckFunctionExists.c.o  -o cmTC_eb24f -lpthreads 
/usr/bin/ld: cannot find -lpthreads
collect2: error: ld returned 1 exit status
CMakeFiles/cmTC_eb24f.dir/build.make:97: recipe for target 'cmTC_eb24f' failed
make[1]: *** [cmTC_eb24f] Error 1
make[1]: Leaving directory '/home/wolle/Workspace/c/MasterSlaveTimesync/cmake-build-debug/CMakeFiles/CMakeTmp'
Makefile:126: recipe for target 'cmTC_eb24f/fast' failed
make: *** [cmTC_eb24f/fast] Error 2


